SF:lib\models\supabase\daily_log.dart
DA:33,6
DA:35,1
DA:36,1
DA:39,1
DA:43,1
DA:45,1
DA:46,2
DA:47,1
DA:48,2
DA:49,1
DA:50,1
DA:51,1
DA:52,1
DA:53,1
DA:54,1
DA:55,1
DA:56,1
DA:57,1
DA:58,1
DA:60,1
LF:20
LH:20
end_of_record
SF:lib\models\supabase\daily_log.g.dart
DA:9,1
DA:10,1
DA:11,1
DA:12,1
DA:13,1
DA:14,2
DA:15,2
DA:16,2
DA:17,2
DA:18,2
DA:19,2
DA:21,1
DA:22,2
DA:23,2
DA:24,1
DA:25,1
DA:26,1
DA:27,1
DA:28,1
DA:31,1
DA:32,1
DA:33,1
DA:34,1
DA:35,1
DA:36,1
DA:37,1
DA:38,1
DA:39,1
DA:40,1
DA:41,1
DA:42,1
DA:43,1
DA:44,1
DA:45,1
DA:46,1
DA:47,1
DA:48,1
DA:49,1
LF:38
LH:38
end_of_record
SF:lib\models\supabase\meal.dart
DA:26,2
LF:1
LH:1
end_of_record
SF:lib\models\supabase\meal.g.dart
DA:9,2
DA:10,1
DA:11,1
DA:12,1
DA:13,1
DA:14,2
DA:15,1
DA:16,2
DA:17,2
DA:18,2
DA:19,2
DA:20,2
DA:21,2
DA:22,2
DA:23,2
DA:26,1
DA:27,1
DA:28,1
DA:29,1
DA:30,1
DA:31,1
DA:32,1
DA:33,1
DA:34,1
DA:35,1
DA:36,1
DA:37,1
DA:38,1
DA:39,1
DA:40,1
DA:41,2
LF:31
LH:31
end_of_record
SF:lib\services\quota_engine.dart
DA:8,4
DA:15,10
DA:19,24
DA:22,3
DA:25,18
DA:26,2
DA:27,9
DA:31,4
DA:36,5
DA:37,5
DA:38,5
DA:39,5
DA:40,5
DA:41,5
DA:43,6
DA:45,5
DA:46,1
DA:48,4
DA:49,4
DA:52,4
DA:55,4
DA:58,4
DA:61,4
DA:64,4
DA:67,4
DA:70,4
DA:73,4
DA:76,4
DA:79,4
DA:82,4
DA:85,4
DA:88,4
LF:32
LH:32
end_of_record
SF:lib\providers\core_providers.dart
DA:15,3
DA:16,0
DA:20,3
DA:21,0
DA:25,3
DA:26,0
DA:30,0
DA:31,0
DA:33,3
DA:34,0
DA:35,0
DA:36,0
DA:38,0
DA:41,3
DA:42,0
DA:43,0
DA:44,0
DA:45,0
DA:48,0
DA:49,0
DA:53,0
DA:54,0
DA:55,0
DA:56,0
DA:57,0
DA:62,6
DA:65,0
DA:66,0
LF:28
LH:6
end_of_record
SF:lib\providers\meal_providers.dart
DA:7,7
DA:8,1
DA:9,2
DA:10,2
DA:14,3
DA:15,0
DA:18,10
DA:19,2
DA:20,2
DA:21,2
DA:22,1
DA:25,3
DA:28,0
DA:29,0
DA:30,0
DA:33,0
DA:35,0
DA:40,0
DA:41,0
DA:42,0
DA:43,0
DA:44,0
DA:46,0
DA:48,0
DA:49,0
DA:50,0
LF:26
LH:11
end_of_record
SF:lib\repositories\meal_repository.dart
DA:18,1
DA:20,0
DA:22,0
DA:23,0
DA:25,0
DA:29,0
DA:30,0
DA:31,0
DA:32,0
DA:33,0
DA:34,0
DA:37,0
DA:40,0
DA:43,0
DA:44,0
DA:45,0
DA:46,0
DA:47,0
DA:48,0
DA:50,0
DA:51,0
DA:53,0
DA:54,0
DA:55,0
DA:59,0
DA:62,0
DA:64,0
DA:66,0
DA:67,0
DA:71,0
DA:72,0
DA:73,0
DA:74,0
DA:75,0
DA:76,0
DA:77,0
DA:78,0
DA:79,0
DA:80,0
DA:83,0
DA:87,0
DA:102,0
DA:104,0
DA:116,0
DA:119,0
DA:121,0
DA:122,0
DA:126,0
DA:138,0
DA:141,0
DA:144,0
DA:148,1
DA:152,3
DA:153,1
DA:155,0
DA:156,0
DA:158,0
DA:161,0
DA:163,0
DA:165,0
DA:167,0
DA:170,0
DA:171,0
DA:174,0
DA:176,0
DA:177,0
DA:181,0
DA:182,0
DA:183,0
DA:184,0
DA:185,0
DA:187,0
DA:188,0
DA:190,0
DA:191,0
DA:192,0
DA:193,0
DA:194,0
DA:195,0
DA:196,0
DA:197,0
DA:198,0
DA:199,0
DA:200,0
DA:201,0
DA:204,0
DA:205,0
DA:206,0
LF:88
LH:4
end_of_record
SF:lib\services\offline_sync_worker.dart
DA:16,0
DA:18,0
DA:21,0
DA:22,0
DA:23,0
DA:28,0
DA:29,0
DA:33,0
DA:38,0
DA:39,0
DA:40,0
DA:41,0
DA:43,0
DA:44,0
DA:48,0
DA:52,0
DA:53,0
DA:54,0
DA:59,0
DA:61,0
DA:62,0
DA:64,0
DA:65,0
DA:66,0
DA:71,0
DA:73,0
DA:75,0
DA:76,0
DA:78,0
DA:83,0
DA:84,0
DA:85,0
DA:86,0
DA:91,0
DA:93,0
DA:98,0
DA:100,0
DA:102,0
DA:103,0
DA:104,0
DA:105,0
DA:106,0
DA:109,0
DA:111,0
DA:112,0
DA:113,0
DA:114,0
DA:115,0
DA:116,0
DA:117,0
DA:118,0
DA:119,0
DA:120,0
DA:121,0
DA:122,0
DA:124,0
DA:127,0
DA:128,0
DA:130,0
DA:134,0
DA:135,0
DA:137,0
DA:138,0
DA:143,0
DA:146,0
DA:147,0
DA:150,0
LF:67
LH:0
end_of_record
SF:lib\controllers\meal_controller.dart
DA:8,1
DA:10,1
DA:16,1
DA:18,2
DA:19,2
DA:20,2
DA:21,2
DA:22,2
DA:23,2
DA:24,2
DA:27,2
DA:28,1
DA:29,1
DA:39,1
LF:14
LH:14
end_of_record
SF:lib\core\result.dart
DA:6,1
DA:14,0
LF:2
LH:1
end_of_record
SF:lib\core\utils\date_utils.dart
DA:4,0
DA:7,0
DA:8,0
DA:12,0
DA:13,0
LF:5
LH:0
end_of_record
SF:lib\services\health_profile_service.dart
DA:13,0
DA:14,0
DA:18,0
DA:24,0
DA:26,0
DA:31,0
DA:32,0
DA:40,0
DA:41,0
DA:42,0
DA:44,0
DA:47,0
DA:48,0
DA:49,0
DA:50,0
DA:51,0
DA:52,0
DA:56,0
LF:18
LH:0
end_of_record
SF:lib\repositories\food_repository.dart
DA:13,0
DA:15,0
DA:16,0
DA:17,0
DA:18,0
DA:20,0
DA:22,0
DA:23,0
DA:26,0
DA:27,0
DA:28,0
DA:30,0
DA:31,0
DA:34,0
DA:35,0
DA:36,0
DA:37,0
DA:38,0
DA:39,0
DA:44,0
DA:46,0
DA:48,0
DA:49,0
DA:50,0
DA:51,0
DA:52,0
DA:53,0
DA:54,0
DA:56,0
DA:59,0
DA:60,0
DA:61,0
DA:62,0
DA:63,0
DA:64,0
DA:65,0
DA:66,0
DA:67,0
DA:68,0
DA:69,0
DA:70,0
DA:71,0
DA:73,0
DA:79,0
DA:82,0
DA:93,0
DA:94,0
DA:96,0
DA:97,0
DA:107,0
DA:110,0
DA:120,0
DA:121,0
LF:53
LH:0
end_of_record
SF:lib\services\ckd_rule_service.dart
DA:10,0
DA:13,0
DA:16,0
DA:18,0
DA:19,0
DA:20,0
DA:21,0
DA:22,0
DA:23,0
DA:24,0
DA:25,0
DA:26,0
DA:28,0
DA:30,0
DA:35,0
DA:36,0
LF:16
LH:0
end_of_record
SF:lib\services\dashboard_usecase.dart
DA:13,0
DA:15,0
DA:16,0
DA:19,0
DA:22,0
DA:23,0
DA:27,0
DA:28,0
DA:29,0
DA:30,0
DA:31,0
DA:35,0
DA:38,0
DA:39,0
DA:40,0
DA:41,0
DA:42,0
DA:43,0
DA:46,0
DA:48,0
DA:49,0
DA:50,0
DA:51,0
DA:52,0
DA:53,0
DA:54,0
DA:57,0
DA:58,0
DA:61,0
DA:63,0
DA:64,0
DA:67,0
DA:69,0
DA:70,0
DA:72,0
DA:73,0
DA:74,0
DA:75,0
DA:76,0
DA:77,0
DA:78,0
DA:84,0
DA:85,0
DA:87,0
DA:89,0
DA:98,0
DA:99,0
DA:100,0
DA:102,0
DA:103,0
DA:105,0
DA:107,0
DA:108,0
DA:110,0
DA:112,0
DA:113,0
DA:115,0
DA:116,0
DA:118,0
DA:119,0
DA:121,0
DA:124,0
DA:125,0
DA:126,0
DA:129,0
DA:130,0
DA:134,0
DA:135,0
DA:137,0
DA:139,0
DA:140,0
DA:142,0
DA:144,0
DA:146,0
DA:148,0
DA:150,0
DA:151,0
DA:153,0
DA:154,0
DA:156,0
DA:157,0
DA:158,0
DA:159,0
DA:161,0
DA:162,0
DA:163,0
DA:164,0
DA:166,0
DA:167,0
DA:168,0
DA:170,0
DA:171,0
DA:172,0
DA:174,0
DA:175,0
DA:176,0
DA:178,0
DA:179,0
DA:180,0
DA:182,0
DA:183,0
DA:184,0
DA:185,0
LF:103
LH:0
end_of_record
SF:lib\pages\dashboard\dashboard_page.dart
DA:15,1
DA:17,1
DA:19,2
DA:23,0
DA:24,0
DA:28,2
DA:30,1
DA:31,1
DA:33,1
DA:34,1
DA:36,0
DA:37,0
DA:38,0
DA:43,1
DA:44,1
DA:46,1
DA:54,1
DA:57,0
DA:58,0
DA:59,0
DA:62,1
DA:65,0
DA:66,0
DA:67,0
DA:70,1
DA:73,0
DA:74,0
DA:75,0
DA:79,1
DA:85,0
DA:86,0
DA:90,1
DA:99,0
DA:100,0
DA:101,0
DA:107,1
DA:108,1
DA:113,1
DA:115,1
DA:116,0
DA:117,0
DA:118,0
DA:120,1
DA:121,1
DA:123,1
DA:127,1
DA:140,1
DA:147,1
DA:148,2
DA:149,1
DA:150,1
DA:151,1
DA:152,1
DA:155,1
DA:175,0
DA:176,0
DA:178,1
DA:181,0
DA:183,0
DA:185,0
DA:186,0
DA:187,0
DA:193,1
DA:194,2
DA:195,1
DA:197,1
DA:200,1
DA:201,1
DA:202,1
DA:203,2
DA:205,1
DA:207,1
DA:209,1
DA:210,1
DA:212,1
DA:213,1
DA:214,1
DA:215,1
DA:216,1
DA:218,1
DA:219,1
DA:242,1
DA:248,0
DA:253,1
DA:254,1
DA:255,1
DA:264,0
DA:267,0
DA:268,0
DA:270,0
DA:271,0
DA:272,0
DA:273,0
DA:274,0
DA:277,0
DA:282,0
DA:283,0
DA:291,0
DA:292,0
DA:298,0
DA:300,0
DA:301,0
DA:302,0
DA:307,0
DA:308,0
DA:309,0
DA:313,0
DA:314,0
DA:315,0
DA:316,0
DA:322,0
DA:327,0
DA:328,0
DA:329,0
DA:333,0
DA:334,0
DA:335,0
DA:336,0
DA:347,0
DA:351,0
DA:356,0
DA:358,0
DA:360,0
DA:361,0
DA:375,0
DA:376,0
DA:379,0
DA:389,0
DA:390,0
DA:391,0
DA:397,0
DA:398,0
DA:399,0
DA:400,0
DA:401,0
DA:416,0
DA:417,0
DA:420,0
DA:428,0
DA:429,0
DA:430,0
DA:433,0
DA:434,0
DA:435,0
DA:436,0
DA:439,0
DA:444,0
DA:446,0
DA:448,0
DA:449,0
DA:450,0
LF:151
LH:56
end_of_record
SF:lib\controllers\auth_controller.dart
DA:13,1
DA:21,0
DA:28,0
DA:29,0
DA:31,0
DA:32,0
DA:33,0
DA:37,0
DA:38,0
DA:39,0
DA:43,2
DA:44,2
DA:45,3
DA:51,3
DA:53,0
DA:55,0
DA:57,0
DA:58,0
DA:60,0
DA:63,0
DA:65,0
DA:72,0
DA:74,0
DA:77,0
DA:78,0
DA:84,0
DA:85,0
DA:89,0
DA:90,0
DA:95,0
DA:98,0
DA:107,0
DA:108,0
DA:112,0
DA:113,0
DA:119,0
DA:121,0
DA:122,0
DA:125,0
DA:132,0
DA:133,0
DA:142,0
DA:143,0
DA:144,0
DA:150,0
DA:151,0
DA:152,0
LF:47
LH:5
end_of_record
SF:lib\widgets\nutrient_circle.dart
DA:10,2
DA:18,1
DA:21,3
DA:22,2
DA:23,1
DA:24,1
DA:28,1
DA:30,1
DA:36,1
DA:38,1
DA:39,1
DA:44,1
DA:45,3
DA:50,1
DA:53,1
DA:54,1
DA:57,1
DA:58,6
DA:59,2
LF:19
LH:19
end_of_record
SF:lib\widgets\meals_list.dart
DA:8,4
DA:10,1
DA:11,1
DA:17,1
DA:19,3
DA:21,1
DA:22,1
DA:25,5
DA:26,1
DA:28,1
DA:41,1
DA:44,1
DA:45,1
DA:46,1
DA:47,1
DA:48,2
DA:50,1
DA:57,0
DA:59,0
DA:60,0
DA:64,0
DA:65,0
DA:67,0
DA:68,0
DA:70,0
DA:72,0
DA:73,0
DA:74,0
DA:75,0
DA:82,0
DA:84,0
DA:85,0
DA:86,0
DA:87,0
DA:88,0
DA:89,0
DA:90,0
DA:91,0
DA:92,0
DA:93,0
DA:97,0
DA:98,0
DA:106,1
DA:108,1
DA:109,1
DA:110,1
DA:111,1
DA:112,2
DA:116,1
DA:117,1
DA:120,1
DA:121,7
DA:122,2
DA:124,1
DA:125,2
DA:140,1
DA:146,0
DA:150,1
DA:152,1
DA:154,1
DA:156,0
DA:163,1
DA:165,1
DA:167,1
DA:169,0
DA:171,0
LF:66
LH:37
end_of_record
SF:lib\widgets\warning_banner.dart
DA:6,1
DA:8,1
DA:11,1
DA:12,3
DA:13,1
DA:14,1
DA:15,1
DA:16,3
DA:17,1
DA:18,1
DA:21,2
DA:23,0
DA:26,0
DA:27,0
DA:28,0
DA:29,0
DA:31,0
DA:32,0
DA:33,0
DA:35,0
DA:38,0
DA:39,0
DA:40,0
DA:42,0
LF:24
LH:11
end_of_record
SF:lib\widgets\offline_banner.dart
DA:5,3
DA:7,1
DA:9,1
DA:10,2
DA:11,1
DA:12,2
DA:14,1
DA:18,1
DA:19,1
LF:9
LH:9
end_of_record
SF:lib\repositories\auth_repository.dart
DA:7,3
DA:8,0
DA:9,0
DA:14,0
DA:16,0
DA:18,0
DA:19,0
DA:20,0
DA:21,0
DA:23,0
DA:31,0
DA:33,0
DA:34,0
DA:35,0
DA:36,0
DA:38,0
DA:46,0
DA:48,0
DA:49,0
DA:50,0
DA:51,0
DA:53,0
DA:61,0
DA:62,0
DA:65,0
DA:67,0
DA:71,0
DA:72,0
DA:73,0
DA:75,0
DA:79,0
DA:81,0
DA:85,0
DA:86,0
DA:87,0
DA:89,0
DA:93,0
DA:95,0
DA:96,0
DA:98,0
DA:99,0
DA:100,0
DA:102,0
LF:43
LH:1
end_of_record
SF:lib\l10n\app_localizations.dart
DA:65,1
DA:66,2
DA:70,1
DA:71,1
DA:176,4
DA:178,1
DA:180,2
DA:183,1
DA:185,3
DA:187,0
DA:191,1
DA:193,1
DA:194,1
DA:195,1
DA:196,0
DA:197,0
DA:200,0
LF:17
LH:13
end_of_record
SF:lib\l10n\app_localizations_en.dart
DA:9,2
DA:11,1
DA:14,0
DA:17,1
DA:21,1
DA:24,1
DA:27,1
DA:30,1
DA:33,0
DA:36,1
DA:39,1
DA:42,0
DA:45,0
LF:13
LH:9
end_of_record
SF:lib\l10n\app_localizations_th.dart
DA:9,0
DA:11,0
DA:14,0
DA:17,0
DA:20,0
DA:23,0
DA:26,0
DA:29,0
DA:32,0
DA:35,0
DA:38,0
DA:41,0
DA:44,0
LF:13
LH:0
end_of_record
SF:lib\pages\auth\login_page.dart
DA:10,1
DA:12,1
DA:13,1
DA:17,1
DA:19,1
DA:20,1
DA:23,3
DA:24,0
DA:25,0
DA:26,0
DA:27,0
DA:28,0
DA:33,0
DA:34,0
DA:39,1
DA:40,1
DA:41,1
DA:42,1
DA:45,2
DA:48,1
DA:49,1
DA:50,1
DA:55,1
DA:58,1
DA:59,1
DA:60,1
DA:62,1
DA:63,2
DA:66,1
DA:69,1
DA:74,1
DA:75,1
DA:77,3
DA:79,1
DA:83,1
DA:84,1
DA:86,3
DA:87,1
DA:91,1
DA:94,1
DA:95,1
DA:98,1
DA:100,1
DA:101,1
DA:104,1
DA:105,1
DA:106,1
DA:107,1
DA:108,1
DA:122,1
DA:123,1
DA:124,1
DA:137,1
DA:139,1
DA:140,1
DA:141,1
DA:142,2
DA:144,1
DA:145,0
DA:146,1
DA:147,1
DA:148,1
DA:149,1
LF:63
LH:55
end_of_record
SF:lib\pages\auth\widgets\login_form.dart
DA:8,4
DA:10,1
DA:11,1
DA:20,1
DA:22,2
DA:23,2
DA:24,1
DA:27,1
DA:28,3
DA:29,0
DA:30,0
DA:31,0
DA:34,0
DA:35,0
DA:36,0
DA:39,0
DA:40,0
DA:42,0
DA:43,0
DA:44,0
DA:45,0
DA:46,0
DA:47,0
DA:49,0
DA:50,0
DA:51,0
DA:53,0
DA:60,0
DA:62,0
DA:64,0
DA:70,0
DA:73,0
DA:76,0
DA:78,0
DA:80,0
DA:81,0
DA:84,0
DA:85,0
DA:86,0
DA:94,0
DA:95,0
DA:97,0
DA:109,0
DA:110,0
DA:111,0
DA:113,0
DA:114,0
DA:117,0
DA:118,0
DA:119,0
DA:120,0
DA:121,0
DA:122,0
DA:123,0
DA:124,0
DA:125,0
DA:126,0
DA:146,1
DA:148,1
DA:149,3
DA:151,1
DA:152,1
DA:153,1
DA:154,1
DA:155,1
DA:156,1
DA:158,1
DA:159,1
DA:161,1
DA:163,1
DA:165,1
DA:166,1
DA:168,1
DA:169,1
DA:170,2
DA:172,1
DA:173,1
DA:174,2
DA:177,1
DA:178,1
DA:179,2
DA:185,1
DA:186,1
DA:187,1
DA:188,1
DA:189,1
DA:190,1
DA:192,1
DA:194,1
DA:195,1
DA:196,1
DA:199,1
DA:201,0
DA:203,1
DA:204,1
DA:206,1
DA:207,1
DA:208,2
DA:210,1
DA:211,1
DA:212,2
DA:215,1
DA:216,1
DA:221,1
DA:223,1
DA:224,1
DA:225,1
DA:230,1
DA:231,1
DA:232,1
DA:233,1
DA:240,1
DA:242,1
DA:243,1
DA:244,1
DA:245,1
DA:246,3
DA:249,1
DA:250,1
DA:251,1
DA:255,1
DA:256,1
DA:259,3
LF:123
LH:74
end_of_record
SF:lib\pages\auth\widgets\social_auth_buttons.dart
DA:7,4
DA:9,0
DA:10,0
DA:11,0
DA:12,0
DA:16,1
DA:18,1
DA:19,1
DA:20,1
DA:21,1
DA:22,0
DA:24,0
DA:26,0
DA:27,0
DA:32,1
DA:34,1
DA:35,1
DA:40,1
DA:42,0
DA:43,0
DA:44,0
DA:46,0
DA:48,0
DA:49,0
DA:54,0
DA:56,0
DA:57,0
LF:27
LH:10
end_of_record
SF:lib\pages\food\food_search_page.dart
DA:10,1
DA:12,1
DA:13,1
DA:19,1
DA:21,2
DA:22,1
DA:25,1
DA:26,1
DA:27,1
DA:32,2
DA:36,1
DA:38,3
DA:40,1
DA:41,1
DA:42,1
DA:43,1
DA:46,1
DA:50,1
DA:52,0
DA:53,0
DA:54,0
DA:60,0
DA:61,0
DA:66,1
DA:67,1
DA:70,0
DA:71,0
DA:77,1
DA:79,2
DA:86,1
DA:87,2
DA:88,1
DA:89,2
DA:90,1
DA:95,1
DA:104,1
DA:105,1
DA:108,1
DA:109,3
DA:110,2
DA:112,1
DA:118,0
DA:120,2
DA:131,1
DA:133,1
DA:135,1
DA:143,1
DA:145,2
DA:146,1
DA:149,0
DA:150,0
DA:153,0
DA:154,0
DA:163,0
DA:166,0
DA:167,0
DA:169,0
DA:171,0
DA:172,0
DA:173,0
DA:176,0
DA:177,0
DA:179,0
DA:180,0
DA:181,0
DA:182,0
DA:183,0
DA:184,0
DA:185,0
DA:192,1
DA:194,1
DA:195,1
DA:196,3
DA:201,1
DA:204,1
DA:205,1
DA:206,1
DA:209,1
DA:210,1
DA:211,4
DA:223,1
DA:224,1
DA:225,1
DA:227,4
DA:233,1
DA:234,1
DA:245,0
DA:248,1
DA:250,1
DA:253,1
DA:254,1
DA:255,1
DA:256,1
DA:261,1
LF:94
LH:65
end_of_record
SF:lib\controllers\food_search_controller.dart
DA:13,1
DA:19,1
DA:24,1
DA:25,0
DA:26,1
DA:27,1
DA:32,2
DA:33,2
DA:36,3
DA:43,3
DA:45,1
DA:48,1
DA:49,3
DA:51,1
DA:52,3
DA:53,2
DA:54,1
DA:55,3
DA:59,1
DA:61,2
DA:62,1
LF:21
LH:20
end_of_record
